生成启动时间为 2019/6/3 16:58:35。
     1>项目“C:\Users\YangWeibin\Desktop\实验09 内存管理(4)\实验09 内存管理(4)\实验09 内存管理(4).vcxproj”在节点 2 上(Build 个目标)。
     1>ClCompile:
         D:\Program Files (x86)\Microsoft Visual Studio 11.0\VC\bin\CL.exe /c /ZI /nologo /W3 /WX- /Od /Oy- /D WIN32 /D _DEBUG /D _CONSOLE /D _UNICODE /D UNICODE /Gm /EHsc /RTC1 /MDd /GS /fp:precise /Zc:wchar_t /Zc:forScope /Fo"Debug\\" /Fd"Debug\vc110.pdb" /Gd /TC /analyze- /errorReport:prompt MemoryManage.c main.c
         main.c
     1>c:\users\yangweibin\desktop\实验09 内存管理(4)\实验09 内存管理(4)\main.c(9): warning C4996: 'strcpy': This function or variable may be unsafe. Consider using strcpy_s instead. To disable deprecation, use _CRT_SECURE_NO_WARNINGS. See online help for details.
                 d:\program files (x86)\microsoft visual studio 11.0\vc\include\string.h(110) : 参见“strcpy”的声明
     1>c:\users\yangweibin\desktop\实验09 内存管理(4)\实验09 内存管理(4)\main.c(15): warning C4996: 'strcpy': This function or variable may be unsafe. Consider using strcpy_s instead. To disable deprecation, use _CRT_SECURE_NO_WARNINGS. See online help for details.
                 d:\program files (x86)\microsoft visual studio 11.0\vc\include\string.h(110) : 参见“strcpy”的声明
     1>c:\users\yangweibin\desktop\实验09 内存管理(4)\实验09 内存管理(4)\main.c(21): warning C4996: 'strcpy': This function or variable may be unsafe. Consider using strcpy_s instead. To disable deprecation, use _CRT_SECURE_NO_WARNINGS. See online help for details.
                 d:\program files (x86)\microsoft visual studio 11.0\vc\include\string.h(110) : 参见“strcpy”的声明
     1>c:\users\yangweibin\desktop\实验09 内存管理(4)\实验09 内存管理(4)\main.c(27): warning C4996: 'strcpy': This function or variable may be unsafe. Consider using strcpy_s instead. To disable deprecation, use _CRT_SECURE_NO_WARNINGS. See online help for details.
                 d:\program files (x86)\microsoft visual studio 11.0\vc\include\string.h(110) : 参见“strcpy”的声明
     1>c:\users\yangweibin\desktop\实验09 内存管理(4)\实验09 内存管理(4)\main.c(33): warning C4996: 'strcpy': This function or variable may be unsafe. Consider using strcpy_s instead. To disable deprecation, use _CRT_SECURE_NO_WARNINGS. See online help for details.
                 d:\program files (x86)\microsoft visual studio 11.0\vc\include\string.h(110) : 参见“strcpy”的声明
     1>c:\users\yangweibin\desktop\实验09 内存管理(4)\实验09 内存管理(4)\main.c(82): warning C4996: 'scanf': This function or variable may be unsafe. Consider using scanf_s instead. To disable deprecation, use _CRT_SECURE_NO_WARNINGS. See online help for details.
                 d:\program files (x86)\microsoft visual studio 11.0\vc\include\stdio.h(290) : 参见“scanf”的声明
     1>c:\users\yangweibin\desktop\实验09 内存管理(4)\实验09 内存管理(4)\main.c(88): warning C4996: 'scanf': This function or variable may be unsafe. Consider using scanf_s instead. To disable deprecation, use _CRT_SECURE_NO_WARNINGS. See online help for details.
                 d:\program files (x86)\microsoft visual studio 11.0\vc\include\stdio.h(290) : 参见“scanf”的声明
     1>c:\users\yangweibin\desktop\实验09 内存管理(4)\实验09 内存管理(4)\main.c(98): warning C4996: 'scanf': This function or variable may be unsafe. Consider using scanf_s instead. To disable deprecation, use _CRT_SECURE_NO_WARNINGS. See online help for details.
                 d:\program files (x86)\microsoft visual studio 11.0\vc\include\stdio.h(290) : 参见“scanf”的声明
     1>c:\users\yangweibin\desktop\实验09 内存管理(4)\实验09 内存管理(4)\main.c(118): warning C4996: 'scanf': This function or variable may be unsafe. Consider using scanf_s instead. To disable deprecation, use _CRT_SECURE_NO_WARNINGS. See online help for details.
                 d:\program files (x86)\microsoft visual studio 11.0\vc\include\stdio.h(290) : 参见“scanf”的声明
     1>c:\users\yangweibin\desktop\实验09 内存管理(4)\实验09 内存管理(4)\main.c(141): warning C4996: 'scanf': This function or variable may be unsafe. Consider using scanf_s instead. To disable deprecation, use _CRT_SECURE_NO_WARNINGS. See online help for details.
                 d:\program files (x86)\microsoft visual studio 11.0\vc\include\stdio.h(290) : 参见“scanf”的声明
     1>c:\users\yangweibin\desktop\实验09 内存管理(4)\实验09 内存管理(4)\main.c(142): warning C4996: 'strcpy': This function or variable may be unsafe. Consider using strcpy_s instead. To disable deprecation, use _CRT_SECURE_NO_WARNINGS. See online help for details.
                 d:\program files (x86)\microsoft visual studio 11.0\vc\include\string.h(110) : 参见“strcpy”的声明
         MemoryManage.c
     1>c:\users\yangweibin\desktop\实验09 内存管理(4)\实验09 内存管理(4)\memorymanage.c(39): warning C4244: “初始化”: 从“double”转换到“int”，可能丢失数据
     1>c:\users\yangweibin\desktop\实验09 内存管理(4)\实验09 内存管理(4)\memorymanage.c(54): warning C4101: “i”: 未引用的局部变量
     1>c:\users\yangweibin\desktop\实验09 内存管理(4)\实验09 内存管理(4)\memorymanage.c(64): warning C4101: “i”: 未引用的局部变量
     1>c:\users\yangweibin\desktop\实验09 内存管理(4)\实验09 内存管理(4)\memorymanage.c(97): warning C4101: “i”: 未引用的局部变量
         正在生成代码...
       Link:
         D:\Program Files (x86)\Microsoft Visual Studio 11.0\VC\bin\link.exe /ERRORREPORT:PROMPT /OUT:"C:\Users\YangWeibin\Desktop\实验09 内存管理(4)\Debug\实验09 内存管理(4).exe" /INCREMENTAL /NOLOGO kernel32.lib user32.lib gdi32.lib winspool.lib comdlg32.lib advapi32.lib shell32.lib ole32.lib oleaut32.lib uuid.lib odbc32.lib odbccp32.lib /MANIFEST /MANIFESTUAC:"level='asInvoker' uiAccess='false'" /manifest:embed /DEBUG /PDB:"C:\Users\YangWeibin\Desktop\实验09 内存管理(4)\Debug\实验09 内存管理(4).pdb" /SUBSYSTEM:CONSOLE /TLBID:1 /DYNAMICBASE /NXCOMPAT /IMPLIB:"C:\Users\YangWeibin\Desktop\实验09 内存管理(4)\Debug\实验09 内存管理(4).lib" /MACHINE:X86 Debug\List.obj
         Debug\main.obj
         Debug\MemoryManage.obj
         实验09 内存管理(4).vcxproj -> C:\Users\YangWeibin\Desktop\实验09 内存管理(4)\Debug\实验09 内存管理(4).exe
     1>已完成生成项目“C:\Users\YangWeibin\Desktop\实验09 内存管理(4)\实验09 内存管理(4)\实验09 内存管理(4).vcxproj”(Build 个目标)的操作。

生成成功。

已用时间 00:00:01.70
