C:\USERS\YANGWEIBIN\DESKTOP\实验09 内存管理(4)\实验09 内存管理(4)\DEBUG\LIST.OBJ
C:\USERS\YANGWEIBIN\DESKTOP\实验09 内存管理(4)\实验09 内存管理(4)\DEBUG\MAIN.OBJ
C:\USERS\YANGWEIBIN\DESKTOP\实验09 内存管理(4)\实验09 内存管理(4)\DEBUG\MEMORYMANAGE.OBJ
C:\USERS\YANGWEIBIN\DESKTOP\实验09 内存管理(4)\实验09 内存管理(4)\DEBUG\VC110.PDB
C:\USERS\YANGWEIBIN\DESKTOP\实验09 内存管理(4)\DEBUG\实验09 内存管理(4).ILK
C:\USERS\YANGWEIBIN\DESKTOP\实验09 内存管理(4)\DEBUG\实验09 内存管理(4).EXE
C:\USERS\YANGWEIBIN\DESKTOP\实验09 内存管理(4)\DEBUG\实验09 内存管理(4).PDB
C:\Users\YangWeibin\Desktop\实验09 内存管理(4)\实验09 内存管理(4)\Debug\List.obj
C:\Users\YangWeibin\Desktop\实验09 内存管理(4)\实验09 内存管理(4)\Debug\main.obj
C:\Users\YangWeibin\Desktop\实验09 内存管理(4)\实验09 内存管理(4)\Debug\MemoryManage.obj
C:\Users\YangWeibin\Desktop\实验09 内存管理(4)\实验09 内存管理(4)\Debug\cl.command.1.tlog
C:\Users\YangWeibin\Desktop\实验09 内存管理(4)\实验09 内存管理(4)\Debug\CL.read.1.tlog
C:\Users\YangWeibin\Desktop\实验09 内存管理(4)\实验09 内存管理(4)\Debug\CL.write.1.tlog
C:\Users\YangWeibin\Desktop\实验09 内存管理(4)\实验09 内存管理(4)\Debug\link-cvtres.read.1.tlog
C:\Users\YangWeibin\Desktop\实验09 内存管理(4)\实验09 内存管理(4)\Debug\link-cvtres.write.1.tlog
C:\Users\YangWeibin\Desktop\实验09 内存管理(4)\实验09 内存管理(4)\Debug\link-rc.read.1.tlog
C:\Users\YangWeibin\Desktop\实验09 内存管理(4)\实验09 内存管理(4)\Debug\link-rc.write.1.tlog
C:\Users\YangWeibin\Desktop\实验09 内存管理(4)\实验09 内存管理(4)\Debug\link.command.1.tlog
C:\Users\YangWeibin\Desktop\实验09 内存管理(4)\实验09 内存管理(4)\Debug\link.read.1.tlog
C:\Users\YangWeibin\Desktop\实验09 内存管理(4)\实验09 内存管理(4)\Debug\link.write.1.tlog
C:\Users\YangWeibin\Desktop\实验09 内存管理(4)\实验09 内存管理(4)\Debug\vc110.idb
C:\Users\YangWeibin\Desktop\实验09 内存管理(4)\实验09 内存管理(4)\Debug\vc110.pdb
C:\Users\YangWeibin\Desktop\实验09 内存管理(4)\Debug\实验09 内存管理(4).pdb
C:\Users\YangWeibin\Desktop\实验09 内存管理(4)\Debug\实验09 内存管理(4).exe
C:\Users\YangWeibin\Desktop\实验09 内存管理(4)\Debug\实验09 内存管理(4).ilk
