生成启动时间为 2019/5/10 15:18:36。
     1>项目“C:\Users\86325\Desktop\实验04 避免死锁(1)\实验04 避免死锁(1)\实验04 避免死锁(1).vcxproj”在节点 2 上(Build 个目标)。
     1>ClCompile:
         C:\Program Files (x86)\Microsoft Visual Studio 11.0\VC\bin\CL.exe /c /ZI /nologo /W3 /WX- /Od /Oy- /D WIN32 /D _DEBUG /D _CONSOLE /D _UNICODE /D UNICODE /Gm /EHsc /RTC1 /MDd /GS /fp:precise /Zc:wchar_t /Zc:forScope /Fo"Debug\\" /Fd"Debug\vc110.pdb" /Gd /TC /analyze- /errorReport:prompt ProPCB.c main.c
         main.c
     1>c:\users\86325\desktop\实验04 避免死锁(1)\实验04 避免死锁(1)\main.c(6): warning C4996: 'strcpy': This function or variable may be unsafe. Consider using strcpy_s instead. To disable deprecation, use _CRT_SECURE_NO_WARNINGS. See online help for details.
                 c:\program files (x86)\microsoft visual studio 11.0\vc\include\string.h(110) : 参见“strcpy”的声明
     1>c:\users\86325\desktop\实验04 避免死锁(1)\实验04 避免死锁(1)\main.c(14): warning C4996: 'strcpy': This function or variable may be unsafe. Consider using strcpy_s instead. To disable deprecation, use _CRT_SECURE_NO_WARNINGS. See online help for details.
                 c:\program files (x86)\microsoft visual studio 11.0\vc\include\string.h(110) : 参见“strcpy”的声明
     1>c:\users\86325\desktop\实验04 避免死锁(1)\实验04 避免死锁(1)\main.c(22): warning C4996: 'strcpy': This function or variable may be unsafe. Consider using strcpy_s instead. To disable deprecation, use _CRT_SECURE_NO_WARNINGS. See online help for details.
                 c:\program files (x86)\microsoft visual studio 11.0\vc\include\string.h(110) : 参见“strcpy”的声明
     1>c:\users\86325\desktop\实验04 避免死锁(1)\实验04 避免死锁(1)\main.c(30): warning C4996: 'strcpy': This function or variable may be unsafe. Consider using strcpy_s instead. To disable deprecation, use _CRT_SECURE_NO_WARNINGS. See online help for details.
                 c:\program files (x86)\microsoft visual studio 11.0\vc\include\string.h(110) : 参见“strcpy”的声明
     1>c:\users\86325\desktop\实验04 避免死锁(1)\实验04 避免死锁(1)\main.c(38): warning C4996: 'strcpy': This function or variable may be unsafe. Consider using strcpy_s instead. To disable deprecation, use _CRT_SECURE_NO_WARNINGS. See online help for details.
                 c:\program files (x86)\microsoft visual studio 11.0\vc\include\string.h(110) : 参见“strcpy”的声明
     1>c:\users\86325\desktop\实验04 避免死锁(1)\实验04 避免死锁(1)\main.c(51): warning C4101: “PcbName”: 未引用的局部变量
     1>c:\users\86325\desktop\实验04 避免死锁(1)\实验04 避免死锁(1)\main.c(49): warning C4101: “PCBdata”: 未引用的局部变量
     1>c:\users\86325\desktop\实验04 避免死锁(1)\实验04 避免死锁(1)\main.c(51): warning C4101: “chioce”: 未引用的局部变量
         ProPCB.c
         正在生成代码...
       Link:
         C:\Program Files (x86)\Microsoft Visual Studio 11.0\VC\bin\link.exe /ERRORREPORT:PROMPT /OUT:"C:\Users\86325\Desktop\实验04 避免死锁(1)\Debug\实验04 避免死锁(1).exe" /INCREMENTAL /NOLOGO kernel32.lib user32.lib gdi32.lib winspool.lib comdlg32.lib advapi32.lib shell32.lib ole32.lib oleaut32.lib uuid.lib odbc32.lib odbccp32.lib /MANIFEST /MANIFESTUAC:"level='asInvoker' uiAccess='false'" /manifest:embed /DEBUG /PDB:"C:\Users\86325\Desktop\实验04 避免死锁(1)\Debug\实验04 避免死锁(1).pdb" /SUBSYSTEM:CONSOLE /TLBID:1 /DYNAMICBASE /NXCOMPAT /IMPLIB:"C:\Users\86325\Desktop\实验04 避免死锁(1)\Debug\实验04 避免死锁(1).lib" /MACHINE:X86 Debug\ChainList.obj
         Debug\main.obj
         Debug\ProPCB.obj
         实验04 避免死锁(1).vcxproj -> C:\Users\86325\Desktop\实验04 避免死锁(1)\Debug\实验04 避免死锁(1).exe
     1>已完成生成项目“C:\Users\86325\Desktop\实验04 避免死锁(1)\实验04 避免死锁(1)\实验04 避免死锁(1).vcxproj”(Build 个目标)的操作。

生成成功。

已用时间 00:00:00.88
