  main.c
E:\操作系统\实验06 内存管理(1)\实验06 内存管理(1)\main.c(12): warning C4996: 'strcpy': This function or variable may be unsafe. Consider using strcpy_s instead. To disable deprecation, use _CRT_SECURE_NO_WARNINGS. See online help for details.
  D:\Windows Kits\10\Include\10.0.17763.0\ucrt\string.h(133): note: 参见“strcpy”的声明
E:\操作系统\实验06 内存管理(1)\实验06 内存管理(1)\main.c(16): warning C4996: 'strcpy': This function or variable may be unsafe. Consider using strcpy_s instead. To disable deprecation, use _CRT_SECURE_NO_WARNINGS. See online help for details.
  D:\Windows Kits\10\Include\10.0.17763.0\ucrt\string.h(133): note: 参见“strcpy”的声明
E:\操作系统\实验06 内存管理(1)\实验06 内存管理(1)\main.c(20): warning C4996: 'strcpy': This function or variable may be unsafe. Consider using strcpy_s instead. To disable deprecation, use _CRT_SECURE_NO_WARNINGS. See online help for details.
  D:\Windows Kits\10\Include\10.0.17763.0\ucrt\string.h(133): note: 参见“strcpy”的声明
E:\操作系统\实验06 内存管理(1)\实验06 内存管理(1)\main.c(24): warning C4996: 'strcpy': This function or variable may be unsafe. Consider using strcpy_s instead. To disable deprecation, use _CRT_SECURE_NO_WARNINGS. See online help for details.
  D:\Windows Kits\10\Include\10.0.17763.0\ucrt\string.h(133): note: 参见“strcpy”的声明
E:\操作系统\实验06 内存管理(1)\实验06 内存管理(1)\main.c(28): warning C4996: 'strcpy': This function or variable may be unsafe. Consider using strcpy_s instead. To disable deprecation, use _CRT_SECURE_NO_WARNINGS. See online help for details.
  D:\Windows Kits\10\Include\10.0.17763.0\ucrt\string.h(133): note: 参见“strcpy”的声明
E:\操作系统\实验06 内存管理(1)\实验06 内存管理(1)\main.c(98): warning C4047: “<=”:“int”与“char [20]”的间接级别不同
E:\操作系统\实验06 内存管理(1)\实验06 内存管理(1)\main.c(99): warning C4047: “>”:“int”与“char [20]”的间接级别不同
E:\操作系统\实验06 内存管理(1)\实验06 内存管理(1)\main.c(90): warning C4996: 'scanf': This function or variable may be unsafe. Consider using scanf_s instead. To disable deprecation, use _CRT_SECURE_NO_WARNINGS. See online help for details.
  D:\Windows Kits\10\Include\10.0.17763.0\ucrt\stdio.h(1274): note: 参见“scanf”的声明
E:\操作系统\实验06 内存管理(1)\实验06 内存管理(1)\main.c(97): warning C4996: 'scanf': This function or variable may be unsafe. Consider using scanf_s instead. To disable deprecation, use _CRT_SECURE_NO_WARNINGS. See online help for details.
  D:\Windows Kits\10\Include\10.0.17763.0\ucrt\stdio.h(1274): note: 参见“scanf”的声明
E:\操作系统\实验06 内存管理(1)\实验06 内存管理(1)\main.c(126): warning C4996: 'scanf': This function or variable may be unsafe. Consider using scanf_s instead. To disable deprecation, use _CRT_SECURE_NO_WARNINGS. See online help for details.
  D:\Windows Kits\10\Include\10.0.17763.0\ucrt\stdio.h(1274): note: 参见“scanf”的声明
E:\操作系统\实验06 内存管理(1)\实验06 内存管理(1)\main.c(127): warning C4996: 'strcpy': This function or variable may be unsafe. Consider using strcpy_s instead. To disable deprecation, use _CRT_SECURE_NO_WARNINGS. See online help for details.
  D:\Windows Kits\10\Include\10.0.17763.0\ucrt\string.h(133): note: 参见“strcpy”的声明
  实验06 内存管理(1).vcxproj -> E:\操作系统\实验06 内存管理(1)\Debug\实验06 内存管理(1).exe
