C:\USERS\YANGWEIBIN\DESKTOP\实验07 内存管理(2)\实验07 内存管理(2)\DEBUG\LIST.OBJ
C:\USERS\YANGWEIBIN\DESKTOP\实验07 内存管理(2)\实验07 内存管理(2)\DEBUG\MAIN.OBJ
C:\USERS\YANGWEIBIN\DESKTOP\实验07 内存管理(2)\实验07 内存管理(2)\DEBUG\MEMORYMANAGE.OBJ
C:\USERS\YANGWEIBIN\DESKTOP\实验07 内存管理(2)\实验07 内存管理(2)\DEBUG\VC110.PDB
C:\USERS\YANGWEIBIN\DESKTOP\实验07 内存管理(2)\DEBUG\实验07 内存管理(2).ILK
C:\USERS\YANGWEIBIN\DESKTOP\实验07 内存管理(2)\DEBUG\实验07 内存管理(2).EXE
C:\USERS\YANGWEIBIN\DESKTOP\实验07 内存管理(2)\DEBUG\实验07 内存管理(2).PDB
C:\Users\YangWeibin\Desktop\实验07 内存管理(2)\实验07 内存管理(2)\Debug\List.obj
C:\Users\YangWeibin\Desktop\实验07 内存管理(2)\实验07 内存管理(2)\Debug\main.obj
C:\Users\YangWeibin\Desktop\实验07 内存管理(2)\实验07 内存管理(2)\Debug\MemoryManage.obj
C:\Users\YangWeibin\Desktop\实验07 内存管理(2)\实验07 内存管理(2)\Debug\cl.command.1.tlog
C:\Users\YangWeibin\Desktop\实验07 内存管理(2)\实验07 内存管理(2)\Debug\CL.read.1.tlog
C:\Users\YangWeibin\Desktop\实验07 内存管理(2)\实验07 内存管理(2)\Debug\CL.write.1.tlog
C:\Users\YangWeibin\Desktop\实验07 内存管理(2)\实验07 内存管理(2)\Debug\link-cvtres.read.1.tlog
C:\Users\YangWeibin\Desktop\实验07 内存管理(2)\实验07 内存管理(2)\Debug\link-cvtres.write.1.tlog
C:\Users\YangWeibin\Desktop\实验07 内存管理(2)\实验07 内存管理(2)\Debug\link-rc.read.1.tlog
C:\Users\YangWeibin\Desktop\实验07 内存管理(2)\实验07 内存管理(2)\Debug\link-rc.write.1.tlog
C:\Users\YangWeibin\Desktop\实验07 内存管理(2)\实验07 内存管理(2)\Debug\link.command.1.tlog
C:\Users\YangWeibin\Desktop\实验07 内存管理(2)\实验07 内存管理(2)\Debug\link.read.1.tlog
C:\Users\YangWeibin\Desktop\实验07 内存管理(2)\实验07 内存管理(2)\Debug\link.write.1.tlog
C:\Users\YangWeibin\Desktop\实验07 内存管理(2)\实验07 内存管理(2)\Debug\vc110.idb
C:\Users\YangWeibin\Desktop\实验07 内存管理(2)\实验07 内存管理(2)\Debug\vc110.pdb
C:\Users\YangWeibin\Desktop\实验07 内存管理(2)\Debug\实验07 内存管理(2).pdb
C:\Users\YangWeibin\Desktop\实验07 内存管理(2)\Debug\实验07 内存管理(2).exe
C:\Users\YangWeibin\Desktop\实验07 内存管理(2)\Debug\实验07 内存管理(2).ilk
